[    0.000000] Linux version 4.15.0-194-generic (buildd@lcy02-amd64-052) (gcc version 7.5.0 (Ubuntu 7.5.0-3ubuntu1~18.04)) #205-Ubuntu SMP Fri Sep 16 19:49:27 UTC 2022 (Ubuntu 4.15.0-194.205-generic 4.15.18)
[    0.000000] Command line: BOOT_IMAGE=/boot/vmlinuz-4.15.0-194-generic root=LABEL=cloudimg-rootfs ro console=tty1 console=ttyS0
[    0.000000] KERNEL supported cpus:
[    0.000000]   Intel GenuineIntel
[    0.000000]   AMD AuthenticAMD
[    0.000000]   Centaur CentaurHauls
[    0.000000] [Firmware Bug]: TSC doesn't count with P0 frequency!
[    0.000000] x86/fpu: x87 FPU will use FXSAVE
[    0.000000] e820: BIOS-provided physical RAM map:
[    0.000000] BIOS-e820: [mem 0x0000000000000000-0x000000000009fbff] usable
[    0.000000] BIOS-e820: [mem 0x000000000009fc00-0x000000000009ffff] reserved
[    0.000000] BIOS-e820: [mem 0x00000000000f0000-0x00000000000fffff] reserved
[    0.000000] BIOS-e820: [mem 0x0000000000100000-0x00000000dffeffff] usable
[    0.000000] BIOS-e820: [mem 0x00000000dfff0000-0x00000000dfffffff] ACPI data
[    0.000000] BIOS-e820: [mem 0x00000000fec00000-0x00000000fec00fff] reserved
[    0.000000] BIOS-e820: [mem 0x00000000fee00000-0x00000000fee00fff] reserved
[    0.000000] BIOS-e820: [mem 0x00000000fffc0000-0x00000000ffffffff] reserved
[    0.000000] BIOS-e820: [mem 0x0000000100000000-0x000000011fffffff] usable
[    0.000000] NX (Execute Disable) protection: active
[    0.000000] SMBIOS 2.5 present.
[    0.000000] DMI: innotek GmbH VirtualBox/VirtualBox, BIOS VirtualBox 12/01/2006
[    0.000000] Hypervisor detected: KVM
[    0.000000] e820: last_pfn = 0x120000 max_arch_pfn = 0x400000000
[    0.000000] MTRR: Disabled
[    0.000000] x86/PAT: MTRRs disabled, skipping PAT initialization too.
[    0.000000] CPU MTRRs all blank - virtualized system.
[    0.000000] x86/PAT: Configuration [0-7]: WB  WT  UC- UC  WB  WT  UC- UC  
[    0.000000] e820: last_pfn = 0xdfff0 max_arch_pfn = 0x400000000
[    0.000000] found SMP MP-table at [mem 0x0009fff0-0x0009ffff]
[    0.000000] Scanning 1 areas for low memory corruption
[    0.000000] RAMDISK: [mem 0x3580f000-0x36bfefff]
[    0.000000] ACPI: Early table checksum verification disabled
[    0.000000] ACPI: RSDP 0x00000000000E0000 000024 (v02 VBOX  )
[    0.000000] ACPI: XSDT 0x00000000DFFF0030 00003C (v01 VBOX   VBOXXSDT 00000001 ASL  00000061)
[    0.000000] ACPI: FACP 0x00000000DFFF00F0 0000F4 (v04 VBOX   VBOXFACP 00000001 ASL  00000061)
[    0.000000] ACPI: DSDT 0x00000000DFFF0470 002325 (v02 VBOX   VBOXBIOS 00000002 INTL 20100528)
[    0.000000] ACPI: FACS 0x00000000DFFF0200 000040
[    0.000000] ACPI: FACS 0x00000000DFFF0200 000040
[    0.000000] ACPI: APIC 0x00000000DFFF0240 00005C (v02 VBOX   VBOXAPIC 00000001 ASL  00000061)
[    0.000000] ACPI: SSDT 0x00000000DFFF02A0 0001CC (v01 VBOX   VBOXCPUT 00000002 INTL 20100528)
[    0.000000] ACPI: Reserving FACP table memory at [mem 0xdfff00f0-0xdfff01e3]
[    0.000000] ACPI: Reserving DSDT table memory at [mem 0xdfff0470-0xdfff2794]
[    0.000000] ACPI: Reserving FACS table memory at [mem 0xdfff0200-0xdfff023f]
[    0.000000] ACPI: Reserving FACS table memory at [mem 0xdfff0200-0xdfff023f]
[    0.000000] ACPI: Reserving APIC table memory at [mem 0xdfff0240-0xdfff029b]
[    0.000000] ACPI: Reserving SSDT table memory at [mem 0xdfff02a0-0xdfff046b]
[    0.000000] No NUMA configuration found
[    0.000000] Faking a node at [mem 0x0000000000000000-0x000000011fffffff]
[    0.000000] NODE_DATA(0) allocated [mem 0x11ffd1000-0x11fffbfff]
[    0.000000] kvm-clock: cpu 0, msr 1:1ff50001, primary cpu clock
[    0.000000] kvm-clock: Using msrs 4b564d01 and 4b564d00
[    0.000000] kvm-clock: using sched offset of 4455035723 cycles
[    0.000000] clocksource: kvm-clock: mask: 0xffffffffffffffff max_cycles: 0x1cd42e4dffb, max_idle_ns: 881590591483 ns
[    0.000000] Zone ranges:
[    0.000000]   DMA      [mem 0x0000000000001000-0x0000000000ffffff]
[    0.000000]   DMA32    [mem 0x0000000001000000-0x00000000ffffffff]
[    0.000000]   Normal   [mem 0x0000000100000000-0x000000011fffffff]
[    0.000000]   Device   empty
[    0.000000] Movable zone start for each node
[    0.000000] Early memory node ranges
[    0.000000]   node   0: [mem 0x0000000000001000-0x000000000009efff]
[    0.000000]   node   0: [mem 0x0000000000100000-0x00000000dffeffff]
[    0.000000]   node   0: [mem 0x0000000100000000-0x000000011fffffff]
[    0.000000] Reserved but unavailable: 104 pages
[    0.000000] Initmem setup node 0 [mem 0x0000000000001000-0x000000011fffffff]
[    0.000000] ACPI: PM-Timer IO Port: 0x4008
[    0.000000] IOAPIC[0]: apic_id 2, version 32, address 0xfec00000, GSI 0-23
[    0.000000] ACPI: INT_SRC_OVR (bus 0 bus_irq 0 global_irq 2 dfl dfl)
[    0.000000] ACPI: INT_SRC_OVR (bus 0 bus_irq 9 global_irq 9 low level)
[    0.000000] Using ACPI (MADT) for SMP configuration information
[    0.000000] smpboot: Allowing 2 CPUs, 0 hotplug CPUs
[    0.000000] PM: Registered nosave memory: [mem 0x00000000-0x00000fff]
[    0.000000] PM: Registered nosave memory: [mem 0x0009f000-0x0009ffff]
[    0.000000] PM: Registered nosave memory: [mem 0x000a0000-0x000effff]
[    0.000000] PM: Registered nosave memory: [mem 0x000f0000-0x000fffff]
[    0.000000] PM: Registered nosave memory: [mem 0xdfff0000-0xdfffffff]
[    0.000000] PM: Registered nosave memory: [mem 0xe0000000-0xfebfffff]
[    0.000000] PM: Registered nosave memory: [mem 0xfec00000-0xfec00fff]
[    0.000000] PM: Registered nosave memory: [mem 0xfec01000-0xfedfffff]
[    0.000000] PM: Registered nosave memory: [mem 0xfee00000-0xfee00fff]
[    0.000000] PM: Registered nosave memory: [mem 0xfee01000-0xfffbffff]
[    0.000000] PM: Registered nosave memory: [mem 0xfffc0000-0xffffffff]
[    0.000000] e820: [mem 0xe0000000-0xfebfffff] available for PCI devices
[    0.000000] Booting paravirtualized kernel on KVM
[    0.000000] clocksource: refined-jiffies: mask: 0xffffffff max_cycles: 0xffffffff, max_idle_ns: 7645519600211568 ns
[    0.000000] setup_percpu: NR_CPUS:8192 nr_cpumask_bits:2 nr_cpu_ids:2 nr_node_ids:1
[    0.000000] percpu: Embedded 50 pages/cpu s167936 r8192 d28672 u1048576
[    0.000000] PV qspinlock hash table entries: 256 (order: 0, 4096 bytes)
[    0.000000] Built 1 zonelists, mobility grouping on.  Total pages: 1032057
[    0.000000] Policy zone: Normal
[    0.000000] Kernel command line: BOOT_IMAGE=/boot/vmlinuz-4.15.0-194-generic root=LABEL=cloudimg-rootfs ro console=tty1 console=ttyS0
[    0.000000] Memory: 4012372K/4193848K available (12300K kernel code, 2477K rwdata, 4320K rodata, 2472K init, 2720K bss, 181476K reserved, 0K cma-reserved)
[    0.000000] SLUB: HWalign=64, Order=0-3, MinObjects=0, CPUs=2, Nodes=1
[    0.000000] ftrace: allocating 39477 entries in 155 pages
[    0.004000] Hierarchical RCU implementation.
[    0.004000] 	RCU restricting CPUs from NR_CPUS=8192 to nr_cpu_ids=2.
[    0.004000] 	Tasks RCU enabled.
[    0.004000] RCU: Adjusting geometry for rcu_fanout_leaf=16, nr_cpu_ids=2
[    0.004000] NR_IRQS: 524544, nr_irqs: 440, preallocated irqs: 16
[    0.004000] Console: colour VGA+ 80x25
[    0.004000] console [tty1] enabled
[    0.004000] console [ttyS0] enabled
[    0.004000] ACPI: Core revision 20170831
[    0.004000] ACPI: 2 ACPI AML tables successfully acquired and loaded
[    0.004000] APIC: Switch to symmetric I/O mode setup
[    0.004000] ..TIMER: vector=0x30 apic1=0 pin1=2 apic2=-1 pin2=-1
[    0.004000] tsc: Detected 3194.098 MHz processor
[    0.004000] Calibrating delay loop (skipped) preset value.. 6388.19 BogoMIPS (lpj=12776392)
[    0.004000] pid_max: default: 32768 minimum: 301
[    0.004000] Security Framework initialized
[    0.004000] Yama: becoming mindful.
[    0.004000] AppArmor: AppArmor initialized
[    0.004000] Dentry cache hash table entries: 524288 (order: 10, 4194304 bytes)
[    0.004000] Inode-cache hash table entries: 262144 (order: 9, 2097152 bytes)
[    0.004000] Mount-cache hash table entries: 8192 (order: 4, 65536 bytes)
[    0.004000] Mountpoint-cache hash table entries: 8192 (order: 4, 65536 bytes)
[    0.005007] Last level iTLB entries: 4KB 1024, 2MB 1024, 4MB 512
[    0.008000] Last level dTLB entries: 4KB 1536, 2MB 1536, 4MB 768, 1GB 0
[    0.008000] Spectre V1 : Mitigation: usercopy/swapgs barriers and __user pointer sanitization
[    0.008000] Spectre V2 : Mitigation: Retpolines
[    0.008000] Spectre V2 : Spectre v2 / SpectreRSB mitigation: Filling RSB on context switch
[    0.008000] Speculative Store Bypass: Mitigation: Speculative Store Bypass disabled via prctl and seccomp
[    0.008000] Freeing SMP alternatives memory: 36K
[    0.016000] APIC calibration not consistent with PM-Timer: 103ms instead of 100ms
[    0.016000] APIC delta adjusted to PM-Timer: 6449391 (6700121)
[    0.016000] smpboot: CPU0: AMD Ryzen 5 1600 Six-Core Processor (family: 0x17, model: 0x8, stepping: 0x2)
[    0.016000] Performance Events: PMU not available due to virtualization, using software events only.
[    0.020000] Hierarchical SRCU implementation.
[    0.020000] NMI watchdog: Perf event create on CPU 0 failed with -2
[    0.020000] NMI watchdog: Perf NMI watchdog permanently disabled
[    0.020000] smp: Bringing up secondary CPUs ...
[    0.020000] x86: Booting SMP configuration:
[    0.020000] .... node  #0, CPUs:      #1
[    0.004000] kvm-clock: cpu 1, msr 1:1ff50041, secondary cpu clock
[    0.028000] TSC synchronization [CPU#0 -> CPU#1]:
[    0.028000] Measured 62536 cycles TSC warp between CPUs, turning off TSC clock.
[    0.028000] tsc: Marking TSC unstable due to check_tsc_sync_source failed
[    0.036207] smp: Brought up 1 node, 2 CPUs
[    0.040000] smpboot: Max logical packages: 1
[    0.040000] smpboot: Total of 2 processors activated (12776.39 BogoMIPS)
[    0.040111] devtmpfs: initialized
[    0.044000] x86/mm: Memory block size: 128MB
[    0.044000] evm: security.selinux
[    0.044000] evm: security.SMACK64
[    0.044000] evm: security.SMACK64EXEC
[    0.044000] evm: security.SMACK64TRANSMUTE
[    0.044000] evm: security.SMACK64MMAP
[    0.044000] evm: security.apparmor
[    0.044000] evm: security.ima
[    0.044000] evm: security.capability
[    0.092360] clocksource: jiffies: mask: 0xffffffff max_cycles: 0xffffffff, max_idle_ns: 7645041785100000 ns
[    0.096000] futex hash table entries: 512 (order: 3, 32768 bytes)
[    0.096000] pinctrl core: initialized pinctrl subsystem
[    0.096000] RTC time: 19:01:30, date: 10/20/22
[    0.096000] NET: Registered protocol family 16
[    0.096000] audit: initializing netlink subsys (disabled)
[    0.136116] audit: type=2000 audit(1666292495.340:1): state=initialized audit_enabled=0 res=1
[    0.140151] cpuidle: using governor ladder
[    0.144163] cpuidle: using governor menu
[    0.152541] ACPI: bus type PCI registered
[    0.156000] acpiphp: ACPI Hot Plug PCI Controller Driver version: 0.5
[    0.156000] PCI: Using configuration type 1 for base access
[    0.156000] PCI: Using configuration type 1 for extended access
[    0.180395] HugeTLB registered 2.00 MiB page size, pre-allocated 0 pages
[    0.188414] ACPI: Added _OSI(Module Device)
[    0.192000] ACPI: Added _OSI(Processor Device)
[    0.192000] ACPI: Added _OSI(3.0 _SCP Extensions)
[    0.192000] ACPI: Added _OSI(Processor Aggregator Device)
[    0.192000] ACPI: Added _OSI(Linux-Dell-Video)
[    0.192000] ACPI: Added _OSI(Linux-Lenovo-NV-HDMI-Audio)
[    0.192000] ACPI: Added _OSI(Linux-HPI-Hybrid-Graphics)
[    0.224823] ACPI: Executed 1 blocks of module-level executable AML code
[    0.238861] ACPI: Interpreter enabled
[    0.240000] ACPI: (supports S0 S5)
[    0.240000] ACPI: Using IOAPIC for interrupt routing
[    0.248376] PCI: Using host bridge windows from ACPI; if necessary, use "pci=nocrs" and report a bug
[    0.252000] ACPI: Enabled 2 GPEs in block 00 to 07
[    0.278652] ACPI: PCI Root Bridge [PCI0] (domain 0000 [bus 00-ff])
[    0.280000] acpi PNP0A03:00: _OSC: OS supports [ExtendedConfig ASPM ClockPM Segments MSI]
[    0.293693] acpi PNP0A03:00: _OSC: platform does not support [PCIeCapability]
[    0.300877] acpi PNP0A03:00: _OSC: not requesting control; platform does not support [PCIeCapability]
[    0.304000] acpi PNP0A03:00: _OSC: OS requested [PCIeHotplug PME AER PCIeCapability]
[    0.304000] acpi PNP0A03:00: _OSC: platform willing to grant [PCIeHotplug PME AER]
[    0.304000] acpi PNP0A03:00: _OSC failed (AE_SUPPORT); disabling ASPM
[    0.332872] PCI host bridge to bus 0000:00
[    0.336000] pci_bus 0000:00: root bus resource [io  0x0000-0x0cf7 window]
[    0.336000] pci_bus 0000:00: root bus resource [io  0x0d00-0xffff window]
[    0.336000] pci_bus 0000:00: root bus resource [mem 0x000a0000-0x000bffff window]
[    0.336000] pci_bus 0000:00: root bus resource [mem 0xe0000000-0xfdffffff window]
[    0.336000] pci_bus 0000:00: root bus resource [bus 00-ff]
[    0.378672] pci 0000:00:01.1: legacy IDE quirk: reg 0x10: [io  0x01f0-0x01f7]
[    0.380000] pci 0000:00:01.1: legacy IDE quirk: reg 0x14: [io  0x03f6]
[    0.380000] pci 0000:00:01.1: legacy IDE quirk: reg 0x18: [io  0x0170-0x0177]
[    0.380000] pci 0000:00:01.1: legacy IDE quirk: reg 0x1c: [io  0x0376]
[    0.428000] pci 0000:00:07.0: quirk: [io  0x4000-0x403f] claimed by PIIX4 ACPI
[    0.428000] pci 0000:00:07.0: quirk: [io  0x4100-0x410f] claimed by PIIX4 SMB
[    0.451970] ACPI: PCI Interrupt Link [LNKA] (IRQs 5 9 10 *11)
[    0.456637] ACPI: PCI Interrupt Link [LNKB] (IRQs 5 9 *10 11)
[    0.460000] ACPI: PCI Interrupt Link [LNKC] (IRQs 5 *9 10 11)
[    0.460000] ACPI: PCI Interrupt Link [LNKD] (IRQs 5 9 10 *11)
[    0.460000] SCSI subsystem initialized
[    0.480232] pci 0000:00:02.0: vgaarb: setting as boot VGA device
[    0.484000] pci 0000:00:02.0: vgaarb: VGA device added: decodes=io+mem,owns=io+mem,locks=none
[    0.484000] pci 0000:00:02.0: vgaarb: bridge control possible
[    0.484000] vgaarb: loaded
[    0.484000] ACPI: bus type USB registered
[    0.484000] usbcore: registered new interface driver usbfs
[    0.484000] usbcore: registered new interface driver hub
[    0.484000] usbcore: registered new device driver usb
[    0.524235] EDAC MC: Ver: 3.0.0
[    0.532341] PCI: Using ACPI for IRQ routing
[    0.536000] NetLabel: Initializing
[    0.536000] NetLabel:  domain hash size = 128
[    0.536000] NetLabel:  protocols = UNLABELED CIPSOv4 CALIPSO
[    0.536000] NetLabel:  unlabeled traffic allowed by default
[    0.536458] clocksource: Switched to clocksource kvm-clock
[    0.587134] VFS: Disk quotas dquot_6.6.0
[    0.587134] VFS: Dquot-cache hash table entries: 512 (order 0, 4096 bytes)
[    0.587134] AppArmor: AppArmor Filesystem Enabled
[    0.587134] pnp: PnP ACPI init
[    0.620727] pnp: PnP ACPI: found 3 devices
[    0.666386] clocksource: acpi_pm: mask: 0xffffff max_cycles: 0xffffff, max_idle_ns: 2085701024 ns
[    0.668559] NET: Registered protocol family 2
[    0.668559] IP idents hash table entries: 65536 (order: 7, 524288 bytes)
[    0.668559] TCP established hash table entries: 32768 (order: 6, 262144 bytes)
[    0.668559] TCP bind hash table entries: 32768 (order: 7, 524288 bytes)
[    0.668559] TCP: Hash tables configured (established 32768 bind 32768)
[    0.668559] UDP hash table entries: 2048 (order: 4, 65536 bytes)
[    0.668559] UDP-Lite hash table entries: 2048 (order: 4, 65536 bytes)
[    0.668559] NET: Registered protocol family 1
[    0.668559] pci 0000:00:00.0: Limiting direct PCI/PCI transfers
[    0.668559] pci 0000:00:01.0: Activating ISA DMA hang workarounds
[    0.668559] pci 0000:00:02.0: Video device with shadowed ROM at [mem 0x000c0000-0x000dffff]
[    0.668559] Unpacking initramfs...
[    0.957310] Freeing initrd memory: 20416K
[    0.957310] PCI-DMA: Using software bounce buffering for IO (SWIOTLB)
[    0.957310] software IO TLB: mapped [mem 0xdbff0000-0xdfff0000] (64MB)
[    0.957310] clocksource: tsc: mask: 0xffffffffffffffff max_cycles: 0x2e0a827aa63, max_idle_ns: 440795283676 ns
[    0.957310] platform rtc_cmos: registered platform RTC device (no PNP device found)
[    0.957310] Scanning for low memory corruption every 60 seconds
[    1.364520] Initialise system trusted keyrings
[    1.368063] Key type blacklist registered
[    1.374063] workingset: timestamp_bits=36 max_order=20 bucket_order=0
[    1.377907] zbud: loaded
[    1.387732] squashfs: version 4.0 (2009/01/31) Phillip Lougher
[    1.395365] fuse init (API version 7.26)
[    1.435063] Key type asymmetric registered
[    1.438930] Asymmetric key parser 'x509' registered
[    1.438983] Block layer SCSI generic (bsg) driver version 0.4 loaded (major 246)
[    1.451224] io scheduler noop registered
[    1.454985] io scheduler deadline registered
[    1.454985] io scheduler cfq registered (default)
[    1.465172] ACPI: AC Adapter [AC] (on-line)
[    1.469023] input: Power Button as /devices/LNXSYSTM:00/LNXPWRBN:00/input/input0
[    1.476634] ACPI: Power Button [PWRF]
[    1.480342] input: Sleep Button as /devices/LNXSYSTM:00/LNXSLPBN:00/input/input1
[    1.480342] ACPI: Sleep Button [SLPF]
[    1.496769] Serial: 8250/16550 driver, 32 ports, IRQ sharing enabled
[    1.534042] 00:02: ttyS0 at I/O 0x3f8 (irq = 4, base_baud = 115200) is a 16550A
[    1.556973] Linux agpgart interface v0.103
[    1.571529] loop: module loaded
[    1.578137] scsi host0: ata_piix
[    1.582882] scsi host1: ata_piix
[    1.586608] ata1: PATA max UDMA/33 cmd 0x1f0 ctl 0x3f6 bmdma 0xd000 irq 14
[    1.586683] ata2: PATA max UDMA/33 cmd 0x170 ctl 0x376 bmdma 0xd008 irq 15
[    1.588337] tun: Universal TUN/TAP device driver, 1.6
[    1.607023] PPP generic driver version 2.4.2
[    1.611922] ehci_hcd: USB 2.0 'Enhanced' Host Controller (EHCI) Driver
[    1.615856] ehci-pci: EHCI PCI platform driver
[    1.615856] ehci-platform: EHCI generic platform driver
[    1.615856] ohci_hcd: USB 1.1 'Open' Host Controller (OHCI) Driver
[    1.615856] ohci-pci: OHCI PCI platform driver
[    1.615856] ohci-platform: OHCI generic platform driver
[    1.615856] uhci_hcd: USB Universal Host Controller Interface driver
[    1.615856] i8042: PNP: PS/2 Controller [PNP0303:PS2K,PNP0f03:PS2M] at 0x60,0x64 irq 1,12
[    1.668348] serio: i8042 KBD port at 0x60,0x64 irq 1
[    1.670379] serio: i8042 AUX port at 0x60,0x64 irq 12
[    1.678950] mousedev: PS/2 mouse device common for all mice
[    1.688214] rtc_cmos rtc_cmos: rtc core: registered rtc_cmos as rtc0
[    1.692099] rtc_cmos rtc_cmos: alarms up to one day, 114 bytes nvram
[    1.692099] i2c /dev entries driver
[    1.692099] device-mapper: uevent: version 1.0.3
[    1.709525] device-mapper: ioctl: 4.37.0-ioctl (2017-09-20) initialised: dm-devel@redhat.com
[    1.717786] ledtrig-cpu: registered to indicate activity on CPUs
[    1.725671] NET: Registered protocol family 10
[    1.731949] input: AT Translated Set 2 keyboard as /devices/platform/i8042/serio0/input/input2
[    1.737716] Segment Routing with IPv6
[    1.740636] NET: Registered protocol family 17
[    1.749553] Key type dns_resolver registered
[    1.754236] mce: Using 0 MCE banks
[    1.757758] RAS: Correctable Errors collector initialized.
[    1.758194] sched_clock: Marking stable (1754194991, 0)->(3364612549, -1610417558)
[    1.836277] registered taskstats version 1
[    1.840578] Loading compiled-in X.509 certificates
[    1.851024] Loaded X.509 cert 'Build time autogenerated kernel key: 6303a3b02fa1c7713b8a75ba7ba622fabd5dd271'
[    1.861959] Loaded X.509 cert 'Canonical Ltd. Live Patch Signing: 14df34d1a87cf37625abec039ef2bf521249b969'
[    1.871607] Loaded X.509 cert 'Canonical Ltd. Kernel Module Signing: 88f752e560a1e0737e31163a466ad7b70a850c19'
[    1.881307] blacklist: Loading compiled-in revocation X.509 certificates
[    1.887485] Loaded X.509 cert 'Canonical Ltd. Secure Boot Signing: 61482aa2830d0ab2ad5af10b7250da9033ddcef0'
[    1.897601] zswap: loaded using pool lzo/zbud
[    1.913109] Key type big_key registered
[    1.917103] Key type trusted registered
[    1.925581] Key type encrypted registered
[    1.929414] AppArmor: AppArmor sha1 policy hashing enabled
[    1.934335] ima: No TPM chip found, activating TPM-bypass! (rc=-19)
[    1.940031] ima: Allocated hash algorithm: sha1
[    1.944473] evm: HMAC attrs: 0x1
[    1.948464]   Magic number: 10:505:41
[    1.952698] bdi 7:6: hash matches
[    1.956707] rtc_cmos rtc_cmos: setting system clock to 2022-10-20 19:01:32 UTC (1666292492)
[    1.965262] BIOS EDD facility v0.16 2004-Jun-25, 0 devices found
[    1.970950] EDD information not available.
[    1.979366] Freeing unused kernel image memory: 2472K
[    2.008732] Write protecting the kernel read-only data: 20480k
[    2.015309] Freeing unused kernel image memory: 2008K
[    2.020999] Freeing unused kernel image memory: 1824K
[    2.035504] x86/mm: Checked W+X mappings: passed, no W+X pages found.
Loading, please wait...
starting version 237
[    2.953308] e1000: Intel(R) PRO/1000 Network Driver - version 7.3.21-k8-NAPI
[    2.961350] e1000: Copyright (c) 1999-2006 Intel Corporation.
[    3.002660] vboxvideo: loading out-of-tree module taints kernel.
[    3.009491] vboxvideo: module verification failed: signature and/or required key missing - tainting kernel
[    3.024313] vboxvideo: loading version 6.1.32 r149290
[    3.033174] Fusion MPT base driver 3.04.20
[    3.037168] Copyright (c) 1999-2008 LSI Corporation
[    3.057519] Fusion MPT SPI Host driver 3.04.20
[    3.312356] input: ImExPS/2 Generic Explorer Mouse as /devices/platform/i8042/serio1/input/input4
[    3.716886] e1000 0000:00:03.0 eth0: (PCI:33MHz:32-bit) 02:ef:f7:70:2e:71
[    3.723706] e1000 0000:00:03.0 eth0: Intel(R) PRO/1000 Network Connection
[    3.733645] [drm] VRAM 01000000
[    3.735140] e1000 0000:00:03.0 enp0s3: renamed from eth0
[    3.737799] [TTM] Zone  kernel: Available graphics memory: 2019564 kiB
[    3.749356] [TTM] Initializing pool allocator
[    3.755194] [TTM] Initializing DMA pool allocator
[    3.793801] fbcon: vboxdrmfb (fb0) is primary device
[    3.844490] Console: switching to colour frame buffer device 100x37
[    3.899748] vboxvideo 0000:00:02.0: fb0: vboxdrmfb frame buffer device
[    3.913076] [drm] Initialized vboxvideo 1.0.0 20130823 for 0000:00:02.0 on minor 0
[    3.921677] mptbase: ioc0: Initiating bringup
[    4.034401] ioc0: LSI53C1030 A0: Capabilities={Initiator}
[    4.294321] scsi host2: ioc0: LSI53C1030 A0, FwRev=00000000h, Ports=1, MaxQ=256, IRQ=20
[    4.465827] scsi 2:0:0:0: Direct-Access     VBOX     HARDDISK         1.0  PQ: 0 ANSI: 5
[    4.508475] scsi target2:0:0: Beginning Domain Validation
[    4.518706] scsi target2:0:0: Domain Validation skipping write tests
[    4.522869] scsi target2:0:0: Ending Domain Validation
[    4.526870] scsi target2:0:0: asynchronous
[    4.531638] scsi 2:0:1:0: Direct-Access     VBOX     HARDDISK         1.0  PQ: 0 ANSI: 5
[    4.572904] scsi target2:0:1: Beginning Domain Validation
[    4.593448] scsi target2:0:1: Domain Validation skipping write tests
[    4.608306] scsi target2:0:1: Ending Domain Validation
[    4.623323] scsi target2:0:1: asynchronous
[    4.649639] sd 2:0:0:0: Attached scsi generic sg0 type 0
[    4.666562] sd 2:0:1:0: Attached scsi generic sg1 type 0
[    4.668032] sd 2:0:1:0: [sdb] 20480 512-byte logical blocks: (10.5 MB/10.0 MiB)
[    4.701291] sd 2:0:1:0: [sdb] Write Protect is off
[    4.701326] sd 2:0:0:0: [sda] 83886080 512-byte logical blocks: (42.9 GB/40.0 GiB)
[    4.737671] sd 2:0:0:0: [sda] Write Protect is off
[    4.738146] sd 2:0:1:0: [sdb] Incomplete mode parameter data
[    4.774104] sd 2:0:1:0: [sdb] Assuming drive cache: write through
[    4.795111] sd 2:0:0:0: [sda] Incomplete mode parameter data
[    4.805108] sd 2:0:1:0: [sdb] Attached SCSI disk
[    4.815285] sd 2:0:0:0: [sda] Assuming drive cache: write through
[    4.860383]  sda: sda1
[    4.882784] sd 2:0:0:0: [sda] Attached SCSI disk
Begin: Loading essential drivers ... [    5.228115] raid6: sse2x1   gen()  7363 MB/s
[    5.996643] raid6: sse2x1   xor()  5676 MB/s
[    6.992644] raid6: sse2x2   gen() 11745 MB/s
[    8.949070] raid6: sse2x2   xor() 167099 MB/s
[   10.949118] raid6: sse2x4   gen() 277974 MB/s
[   11.992388] raid6: sse2x4   xor()  6791 MB/s
[   12.014561] raid6: using algorithm sse2x4 gen() 277974 MB/s
[   12.037380] raid6: .... xor() 6791 MB/s, rmw enabled
[   12.059360] raid6: using ssse3x2 recovery algorithm
[   12.084349] xor: measuring software checksum speed
[   16.994064]    prefetch64-sse: -1261387.-296 MB/sec
[   17.122855]    generic_sse: 25096.000 MB/sec
[   17.143762] xor: using function: generic_sse (25096.000 MB/sec)
[   17.169484] async_tx: api initialized (async)
done.
Begin: Running /scripts/init-premount ... done.
Begin: Mounting root file system ... Begin: Running /scripts/local-top ... done.
Begin: Running /scripts/local-premount ... [   17.271096] Btrfs loaded, crc32c=crc32c-intel
Scanning for Btrfs filesystems
done.
Begin: Will now check root file system ... fsck from util-linux 2.31.1
[/sbin/fsck.ext4 (1) -- /dev/sda1] fsck.ext4 -a -C0 /dev/sda1 
cloudimg-rootfs: clean, 113042/5120000 files, 935625/10485499 blocks
done.
[   17.384010] EXT4-fs (sda1): mounted filesystem with ordered data mode. Opts: (null)
done.
Begin: Running /scripts/local-bottom ... done.
Begin: Running /scripts/init-bottom ... done.
[   17.935656] ip_tables: (C) 2000-2006 Netfilter Core Team
[   18.011105] systemd[1]: systemd 237 running in system mode. (+PAM +AUDIT +SELINUX +IMA +APPARMOR +SMACK +SYSVINIT +UTMP +LIBCRYPTSETUP +GCRYPT +GNUTLS +ACL +XZ +LZ4 +SECCOMP +BLKID +ELFUTILS +KMOD -IDN2 +IDN -PCRE2 default-hierarchy=hybrid)
[   18.084473] systemd[1]: Detected virtualization oracle.
[   18.108800] systemd[1]: Detected architecture x86-64.

Welcome to [1mUbuntu 18.04.6 LTS[0m!

[   18.176887] systemd[1]: Set hostname to <ubuntu-bionic>.
[   19.263885] random: systemd: uninitialized urandom read (16 bytes read)
[   19.287804] systemd[1]: Started Forward Password Requests to Wall Directory Watch.
[[0;32m  OK  [0m] Started Forward Password Requests to Wall Directory Watch.
[   19.315839] random: systemd: uninitialized urandom read (16 bytes read)
[   19.340542] systemd[1]: Reached target System Time Synchronized.
[[0;32m  OK  [0m] Reached target System Time Synchronized.
[   19.367130] random: systemd: uninitialized urandom read (16 bytes read)
[   19.392392] systemd[1]: Reached target Swap.
[[0;32m  OK  [0m] Reached target Swap.
[   19.418777] systemd[1]: Set up automount Arbitrary Executable File Formats File System Automount Point.
[[0;32m  OK  [0m] Set up automount Arbitrary Executab…rmats File System Automount Point.
[   19.481982] systemd[1]: Created slice System Slice.
[[0;32m  OK  [0m] Created slice System Slice.
[   19.512282] systemd[1]: Listening on fsck to fsckd communication Socket.
[[0;32m  OK  [0m] Listening on fsck to fsckd communication Socket.
[[0;32m  OK  [0m] Listening on udev Kernel Socket.
[[0;32m  OK  [0m] Listening on LVM2 metadata daemon socket.
[[0;32m  OK  [0m] Created slice system-serial\x2dgetty.slice.
[[0;32m  OK  [0m] Listening on Network Service Netlink Socket.
[[0;32m  OK  [0m] Listening on Journal Audit Socket.
[[0;32m  OK  [0m] Listening on /dev/initctl Compatibility Named Pipe.
[[0;32m  OK  [0m] Listening on LVM2 poll daemon socket.
[[0;32m  OK  [0m] Listening on udev Control Socket.
[[0;32m  OK  [0m] Listening on Device-mapper event daemon FIFOs.
[[0;32m  OK  [0m] Created slice system-postgresql.slice.
[[0;32m  OK  [0m] Listening on Journal Socket (/dev/log).
[[0;32m  OK  [0m] Listening on Journal Socket.
         Starting Uncomplicated firewall...
         Mounting Huge Pages File System...
         Mounting Kernel Debug File System...
         Starting Set the console keyboard layout...
         Starting Create list of required st…ce nodes for the current kernel...
         Starting Remount Root and Kernel File Systems...
         Mounting POSIX Message Queue File System...
         Starting udev Coldplug all Devices...
         Starting Monitoring of LVM2 mirrors…ng dmeventd or progress polling...
[[0;32m  OK  [0m] Listening on Syslog Socket.
         Starting Journal Service...
         Starting Load Kernel Modules...
[[0;32m  OK  [0m] Reached target User and Group Name Lookups.
[[0;32m  OK  [0m] Created slice User and Session Slice.
[[0;32m  OK  [0m] Reached target Slices.
[[0;32m  OK  [0m] Started Uncomplicated firewall.
[[0;32m  OK  [0m] Mounted Huge Pages File System.
[[0;32m  OK  [0m] Mounted Kernel Debug File System.
[[0;32m  OK  [0m] Started Create list of required sta…vice nodes for the current kernel.
[[0;32m  OK  [0m] Mounted POSIX Message Queue File System.
         Starting Create Static Device Nodes in /dev...
[[0;32m  OK  [0m] Started udev Coldplug all Devices.
[   19.822930] EXT4-fs (sda1): re-mounted. Opts: (null)
[[0;32m  OK  [0m] Started LVM2 metadata daemon.
[[0;32m  OK  [0m] Started Remount Root and Kernel File Systems.
         Starting Load/Save Random Seed...
[[0;32m  OK  [0m] Started Journal Service.
         Starting Flush Journal to Persistent Storage...
[[0;32m  OK  [0m] Started Load/Save Random Seed.
[   20.006631] Loading iSCSI transport class v2.0-870.
[[0;32m  OK  [0m] Started Set the console keyboard layout.
[   20.146666] systemd-journald[388]: Received request to flush runtime journal from PID 1
[   20.189154] iscsi: registered transport (tcp)
[[0;32m  OK  [0m] Started Monitoring of LVM2 mirrors,…sing dmeventd or progress polling.
[   20.395816] iscsi: registered transport (iser)
[[0;32m  OK  [0m] Started Load Kernel Modules.
[   20.426700] random: systemd: uninitialized urandom read (16 bytes read)
         Mounting FUSE Control File System...
[   20.458677] random: systemd: uninitialized urandom read (16 bytes read)
         Starting Apply Kernel Variables...
[   20.489453] random: systemd: uninitialized urandom read (16 bytes read)
[   20.491456] random: crng init done
[   20.543621] random: 53 urandom warning(s) missed due to ratelimiting
         Mounting Kernel Configuration File System...
[[0;32m  OK  [0m] Started Create Static Device Nodes in /dev.
[[0;32m  OK  [0m] Mounted FUSE Control File System.
[[0;32m  OK  [0m] Mounted Kernel Configuration File System.
         Starting udev Kernel Device Manager...
[[0;32m  OK  [0m] Reached target Local File Systems (Pre).
[[0;32m  OK  [0m] Reached target Local File Systems.
         Starting Tell Plymouth To Write Out Runtime Data...
         Starting Set console font and keymap...
         Starting AppArmor initialization...
         Starting ebtables ruleset management...
[[0;32m  OK  [0m] Started Tell Plymouth To Write Out Runtime Data.
[[0;32m  OK  [0m] Started Set console font and keymap.
[[0;32m  OK  [0m] Started Apply Kernel Variables.
[[0;32m  OK  [0m] Started udev Kernel Device Manager.
[[0;32m  OK  [0m] Started Dispatch Password Requests to Console Directory Watch.
[[0;32m  OK  [0m] Reached target Local Encrypted Volumes.
[[0;32m  OK  [0m] Found device /dev/ttyS0.
[[0;32m  OK  [0m] Listening on Load/Save RF Kill Switch Status /dev/rfkill Watch.
[[0;32m  OK  [0m] Started Flush Journal to Persistent Storage.
         Starting Create Volatile Files and Directories...
[[0;32m  OK  [0m] Started ebtables ruleset management.
[[0;32m  OK  [0m] Started Create Volatile Files and Directories.
         Starting Update UTMP about System Boot/Shutdown...
[[0;32m  OK  [0m] Started Update UTMP about System Boot/Shutdown.
[[0;32m  OK  [0m] Started AppArmor initialization.
         Starting Initial cloud-init job (pre-networking)...
         Starting Load AppArmor profiles managed internally by snapd...
[[0;32m  OK  [0m] Started Load AppArmor profiles managed internally by snapd.
[   25.285483] cloud-init[576]: Cloud-init v. 22.3.4-0ubuntu1~18.04.1 running 'init-local' at Thu, 20 Oct 2022 19:01:55 +0000. Up 24.94 seconds.
[[0;32m  OK  [0m] Started Initial cloud-init job (pre-networking).
[[0;32m  OK  [0m] Reached target Network (Pre).
         Starting Network Service...
[[0;32m  OK  [0m] Started Network Service.
         Starting Network Name Resolution...
         Starting Wait for Network to be Configured...
[[0;32m  OK  [0m] Started Network Name Resolution.
[[0;32m  OK  [0m] Reached target Network.
[[0;32m  OK  [0m] Reached target Host and Network Name Lookups.
[[0;32m  OK  [0m] Started Wait for Network to be Configured.
         Starting Initial cloud-init job (metadata service crawler)...
[   27.729414] cloud-init[699]: Cloud-init v. 22.3.4-0ubuntu1~18.04.1 running 'init' at Thu, 20 Oct 2022 19:01:57 +0000. Up 27.43 seconds.
[   27.739330] cloud-init[699]: ci-info: ++++++++++++++++++++++++++++++++++++++Net device info++++++++++++++++++++++++++++++++++++++
[   27.746472] cloud-init[699]: ci-info: +--------+------+----------------------------+---------------+--------+-------------------+
[   27.751373] cloud-init[699]: ci-info: | Device |  Up  |          Address           |      Mask     | Scope  |     Hw-Address    |
[   27.758769] cloud-init[699]: ci-info: +--------+------+----------------------------+---------------+--------+-------------------+
[   27.766889] cloud-init[699]: ci-info: | enp0s3 | True |         10.0.2.15          | 255.255.255.0 | global | 02:ef:f7:70:2e:71 |
[   27.772453] cloud-init[699]: ci-info: | enp0s3 | True | fe80::ef:f7ff:fe70:2e71/64 |       .       |  link  | 02:ef:f7:70:2e:71 |
[   27.778417] cloud-init[699]: ci-info: |   lo   | True |         127.0.0.1          |   255.0.0.0   |  host  |         .         |
[   27.788863] cloud-init[699]: ci-info: |   lo   | True |          ::1/128           |       .       |  host  |         .         |
[   27.795997] cloud-init[699]: ci-info: +--------+------+----------------------------+---------------+--------+-------------------+
[   27.805443] cloud-init[699]: ci-info: ++++++++++++++++++++++++++++Route IPv4 info+++++++++++++++++++++++++++++
[   27.814187] cloud-init[699]: ci-info: +-------+-------------+----------+-----------------+-----------+-------+
[   27.821462] cloud-init[699]: ci-info: | Route | Destination | Gateway  |     Genmask     | Interface | Flags |
[   27.828155] cloud-init[699]: ci-info: +-------+-------------+----------+-----------------+-----------+-------+
[   27.835542] cloud-init[699]: ci-info: |   0   |   0.0.0.0   | 10.0.2.2 |     0.0.0.0     |   enp0s3  |   UG  |
[   27.843389] cloud-init[699]: ci-info: |   1   |   10.0.2.0  | 0.0.0.0  |  255.255.255.0  |   enp0s3  |   U   |
[   27.848096] cloud-init[699]: ci-info: |   2   |   10.0.2.2  | 0.0.0.0  | 255.255.255.255 |   enp0s3  |   UH  |
[   27.855884] cloud-init[699]: ci-info: +-------+-------------+----------+-----------------+-----------+-------+
[   27.866497] cloud-init[699]: ci-info: +++++++++++++++++++Route IPv6 info+++++++++++++++++++
[   27.870827] cloud-init[699]: ci-info: +-------+-------------+---------+-----------+-------+
[   27.876835] cloud-init[699]: ci-info: | Route | Destination | Gateway | Interface | Flags |
[   27.880356] cloud-init[699]: ci-info: +-------+-------------+---------+-----------+-------+
[   27.884373] cloud-init[699]: ci-info: |   1   |  fe80::/64  |    ::   |   enp0s3  |   U   |
[   27.887473] cloud-init[699]: ci-info: |   3   |    local    |    ::   |   enp0s3  |   U   |
[   27.890618] cloud-init[699]: ci-info: |   4   |   ff00::/8  |    ::   |   enp0s3  |   U   |
[   27.893718] cloud-init[699]: ci-info: +-------+-------------+---------+-----------+-------+
[[0;32m  OK  [0m] Started Initial cloud-init job (metadata service crawler).
[[0;32m  OK  [0m] Reached target Cloud-config availability.
[[0;32m  OK  [0m] Reached target System Initialization.
[[0;32m  OK  [0m] Listening on cloud-init hotplug hook socket.
[[0;32m  OK  [0m] Listening on D-Bus System Message Bus Socket.
[[0;32m  OK  [0m] Listening on Open-iSCSI iscsid Socket.
[[0;32m  OK  [0m] Started Message of the Day.
[[0;32m  OK  [0m] Started Daily apt download activities.
         Starting LXD - unix socket.
[[0;32m  OK  [0m] Listening on ACPID Listen Socket.
[[0;32m  OK  [0m] Started Ubuntu Advantage Timer for running repeated jobs.
[[0;32m  OK  [0m] Started ACPI Events Check.
[[0;32m  OK  [0m] Reached target Paths.
[[0;32m  OK  [0m] Started Discard unused blocks once a week.
[[0;32m  OK  [0m] Listening on UUID daemon activation socket.
[[0;32m  OK  [0m] Started Daily apt upgrade and clean activities.
[[0;32m  OK  [0m] Started Daily Cleanup of Temporary Directories.
[[0;32m  OK  [0m] Reached target Timers.
         Starting Socket activation for snappy daemon.
[[0;32m  OK  [0m] Reached target Network is Online.
         Starting Availability of block devices...
[[0;32m  OK  [0m] Reached target Remote File Systems (Pre).
         Mounting /vagrant...
[[0;32m  OK  [0m] Listening on LXD - unix socket.
[[0;32m  OK  [0m] Listening on Socket activation for snappy daemon.
[[0;32m  OK  [0m] Reached target Sockets.
[[0;32m  OK  [0m] Reached target Basic System.
[[0;32m  OK  [0m] Started Regular background program processing daemon.
         Starting Accounts Service...
         Starting Dispatcher daemon for systemd-networkd...
         Starting vboxadd.service...
         Starting LXD - container startup/shutdown...
         Starting System Logging Service...
         Starting PostgreSQL Cluster 10-main...
         Starting Login Service...
         Starting MySQL Community Server...
         Starting LSB: Record successful boot for GRUB...
[[0;32m  OK  [0m] Started irqbalance daemon.
         Starting Snap Daemon...
[[0;32m  OK  [0m] Started Deferred execution scheduler.
[[0;32m  OK  [0m] Started D-Bus System Message Bus.
[[0;32m  OK  [0m] Started Login Service.
[[0;32m  OK  [0m] Started Unattended Upgrades Shutdown.
         Starting OpenBSD Secure Shell server...
         Starting Resets System Activity Data Collector...
[[0;32m  OK  [0m] Started FUSE filesystem for LXC.
[[0;32m  OK  [0m] Started System Logging Service.
[[0;32m  OK  [0m] Started Availability of block devices.
[[0;1;31mFAILED[0m] Failed to mount /vagrant.
See 'systemctl status vagrant.mount' for details.
[[0;1;33mDEPEND[0m] Dependency failed for Remote File Systems.
         Starting LSB: automatic crash report generation...
         Starting Permit User Sessions...
[[0;32m  OK  [0m] Started Permit User Sessions.
         Starting Terminate Plymouth Boot Screen...
         Starting Hold until boot process finishes up...
[[0;32m  OK  [0m] Started Hold until boot process finishes up.
[[0;32m  OK  [0m] Started Serial Getty on ttyS0.
         Starting Set console scheme...
[[0;32m  OK  [0m] Started Terminate Plymouth Boot Screen.
[[0;32m  OK  [0m] Started LSB: Record successful boot for GRUB.
[[0;32m  OK  [0m] Started Resets System Activity Data Collector.
         Starting Authorization Manager...
[[0;32m  OK  [0m] Started Set console scheme.
[[0;32m  OK  [0m] Created slice system-getty.slice.
[[0;32m  OK  [0m] Started Getty on tty1.
[[0;32m  OK  [0m] Reached target Login Prompts.
[[0;32m  OK  [0m] Started LSB: automatic crash report generation.
[[0;32m  OK  [0m] Started Authorization Manager.
[[0;32m  OK  [0m] Started Accounts Service.
[[0;32m  OK  [0m] Started OpenBSD Secure Shell server.
[[0;32m  OK  [0m] Started Dispatcher daemon for systemd-networkd.
[[0;32m  OK  [0m] Started LXD - container startup/shutdown.
[[0;32m  OK  [0m] Created slice User Slice of vagrant.
         Starting User Manager for UID 1000...
[[0;32m  OK  [0m] Started Session 1 of user vagrant.
[[0;32m  OK  [0m] Started User Manager for UID 1000.

Ubuntu 18.04.6 LTS ubuntu-bionic ttyS0

ubuntu-bionic login: [   43.677264] cloud-init[1482]: Cloud-init v. 22.3.4-0ubuntu1~18.04.1 running 'modules:config' at Thu, 20 Oct 2022 19:02:13 +0000. Up 43.23 seconds.
[   48.183030] cloud-init[1883]: Cloud-init v. 22.3.4-0ubuntu1~18.04.1 running 'modules:final' at Thu, 20 Oct 2022 19:02:18 +0000. Up 47.98 seconds.
[   48.183310] cloud-init[1883]: Cloud-init v. 22.3.4-0ubuntu1~18.04.1 finished at Thu, 20 Oct 2022 19:02:18 +0000. Datasource DataSourceNoCloud [seed=/dev/sdb][dsmode=net].  Up 48.16 seconds
         Stopping Session 4 of user vagrant.
[[0;32m  OK  [0m] Stopped target Graphical Interface.
         Stopping Session 6 of user vagrant.
         Stopping User Manager for UID 1000...
[[0;32m  OK  [0m] Closed Load/Save RF Kill Switch Status /dev/rfkill Watch.
         Unmounting /vagrant...
         Stopping Accounts Service...
         Stopping Authorization Manager...
         Stopping Availability of block devices...
[[0;32m  OK  [0m] Stopped target Timers.
[[0;32m  OK  [0m] Stopped Daily Cleanup of Temporary Directories.
[[0;32m  OK  [0m] Stopped Discard unused blocks once a week.
[[0;32m  OK  [0m] Stopped Daily apt upgrade and c         Stopping LXD - container startup/shutdown...
         Stopping FUSE filesystem for LXC...
         Stopping System Logging Service...
         Stopping Deferred execution scheduler...
         Stopping LSB: automatic crash report generation...
         Stopping LSB: Record successful boot for GRUB...
         Stopping Regular background program processing daemon...
         Stopping Dispatcher daemon for systemd-networkd...
         Stopping MySQL Community Server...
         Stopping OpenBSD Secure Shell server...
[[0;32m  OK  [0m] Stopped PostgreSQL RDBMS.
         Stopping PostgreSQL Cluster 10-main...
[[0;32m  OK  [0m] Stopped Resets System Activity Data Collector.
[[0;32m  OK  [0m] Stopped Apply the settings specified in cloud-config.
[[0;32m  OK  [0m] Stopped target Cloud-config availability.
[[0;32m  OK  [0m] Stopped Wait until snapd is fully seeded.
[[0;32m  OK  [0m] Stopped Regular background program processing daemon.
[[0;32m  OK  [0m] Stopped Accounts Service.
[[0;32m  OK  [0m] Unmounted /var/lib/lxcfs.
[[0;32m  OK  [0m] Stopped Dispatcher daemon for systemd-networkd.
[[0;32m  OK  [0m] Stopped System Logging Service.
[[0;32m  OK  [0m] Stopped irqbalance daemon.
[[0;32m  OK  [0m] Stopped Deferred execution scheduler.
[[0;32m  OK  [0m] Stopped Serial Getty on ttyS0.
[[0;32m  OK  [0m] Stopped Authorization Manager.
[[0;32m  OK  [0m] Stopped Getty on tty1.
[[0;32m  OK  [0m] Stopped OpenBSD Secure Shell server.
[[0;32m  OK  [0m] Stopped User Manager for UID 1000.
[[0;32m  OK  [0m] Unmounted /vagrant.
[[0;32m  OK  [0m] Stopped Availability of block devices.
[[0;32m  OK  [0m] Stopped D-Bus System Message Bus.
[[0;32m  OK  [0m] Stopped Session 6 of user vagrant.
[[0;32m  OK  [0m] Stopped Session 4 of user vagrant.
[[0;32m  OK  [0m] Stopped target Network is Online.
[[0;32m  OK  [0m] Stopped target Remote File Systems (Pre).
[[0;32m  OK  [0m] Removed slice User Slice of vagrant.
         Stopping Login Service...
[[0;32m  OK  [0m] Removed slice system-getty.slice.
         Stopping Permit User Sessions...
[[0;32m  OK  [0m] Removed slice system-serial\x2dgetty.slice.
[[0;32m  OK  [0m] Stopped LXD - container startup/shutdown.
[[0;32m  OK  [0m] Stopped LSB: Record successful boot for GRUB.
[[0;32m  OK  [0m] Stopped Permit User Sessions.
[[0;32m  OK  [0m] Stopped FUSE filesystem for LXC.
[[0m[0;31m*     [0m] (1 of 5) A stop job is running for vboxadd-service.service (5s / 5min)[K[[0;32m  OK  [0m] Stopped Login Service.
[[0;32m  OK  [0m] Stopped LSB: automatic crash report generation.
[[0;32m  OK  [0m] Stopped target User and Group Name Lookups.
[[0;32m  OK  [0m] Stopped vboxadd-service.service.
         Stopping vboxadd.service...
[[0;32m  OK  [0m] Stopped vboxadd.service.
[[0;32m  OK  [0m] Stopped PostgreSQL Cluster 10-main.
[[0;32m  OK  [0m] Removed slice system-postgresql.slice.
[[0;32m  OK  [0m] Stopped MySQL Community Server.
[[0;32m  OK  [0m] Stopped target Network.
         Stopping Network Name Resolution...
[[0;32m  OK  [0m] Stopped target Basic System.
[[0;32m  OK  [0m] Stopped target Slices.
[[0;32m  OK  [0m] Removed slice User and Session Slice.
[[0;32m  OK  [0m] Stopped target Paths.
[[0;32m  OK  [0m] Stopped ACPI Events Check.
[[0;32m  OK  [0m] Stopped target Sockets.
[[0;32m  OK  [0m] Closed Syslog Socket.
[[0;32m  OK  [0m] Closed Open-iSCSI iscsid Socket.
[[0;32m  OK  [0m] Closed LXD - unix socket.
[[0;32m  OK  [0m] Closed cloud-init hotplug hook socket.
[[0;32m  OK  [0m] Closed ACPID Listen Socket.
[[0;32m  OK  [0m] Closed UUID daemon activation socket.
[[0;32m  OK  [0m] Closed D-Bus System Message Bus Socket.
[[0;32m  OK  [0m] Closed Socket activation for snappy daemon.
[[0;32m  OK  [0m] Stopped target System Initialization.
         Stopping Load/Save Random Seed...
[[0;32m  OK  [0m] Stopped Initial cloud-init job (metadata service crawler).
[[0;32m  OK  [0m] Stopped Wait for Network to be Configured.
         Stopping Update UTMP about System Boot/Shutdown...
[[0;32m  OK  [0m] Stopped target Local Encrypted Volumes.
[[0;32m  OK  [0m] Stopped Dispatch Password Requests to Console Directory Watch.
[[0;32m  OK  [0m] Stopped Forward Password Requests to Wall Directory Watch.
[[0;32m  OK  [0m] Stopped Network Name Resolution.
[[0;32m  OK  [0m] Stopped Load/Save Random Seed.
         Stopping Network Service...
[[0;32m  OK  [0m] Stopped Update UTMP about System Boot/Shutdown.
[[0;32m  OK  [0m] Stopped Create Volatile Files and Directories.
[[0;32m  OK  [0m] Stopped target Local File Systems.
         Unmounting /run/user/1000...
[[0;32m  OK  [0m] Unmounted /run/user/1000.
[[0;32m  OK  [0m] Reached target Unmount All Filesystems.
[[0;32m  OK  [0m] Stopped target Swap.
[[0;32m  OK  [0m] Stopped target Local File Systems (Pre).
[[0;32m  OK  [0m] Stopped Create Static Device Nodes in /dev.
         Stopping Monitoring of LVM2 mirrors…ng dmeventd or progress polling...
[[0;32m  OK  [0m] Stopped Monitoring of LVM2 mirrors,…sing dmeventd or progress polling.
         Stopping LVM2 metadata daemon...
[[0;32m  OK  [0m] Stopped LVM2 metadata daemon.
[[0;32m  OK  [0m] Stopped Network Service.
[[0;32m  OK  [0m] Stopped Apply Kernel Variables.
[[0;32m  OK  [0m] Stopped Load Kernel Modules.
[[0;32m  OK  [0m] Stopped target Network (Pre).
[[0;32m  OK  [0m] Stopped Initial cloud-init job (pre-networking).
[[0;32m  OK  [0m] Stopped Remount Root and Kernel File Systems.
[[0;32m  OK  [0m] Reached target Shutdown.
[[0;32m  OK  [0m] Reached target Final Step.
         Starting Power-Off...
[  194.774061] reboot: Power down
